[debug] [2022-04-19T06:26:43.727Z] ----------------------------------------------------------------------
[debug] [2022-04-19T06:26:43.730Z] Command:       C:\Program Files\nodejs\node.exe C:\Users\siari\AppData\Roaming\npm\node_modules\firebase-tools\lib\bin\firebase.js init
[debug] [2022-04-19T06:26:43.731Z] CLI Version:   10.6.0
[debug] [2022-04-19T06:26:43.731Z] Platform:      win32
[debug] [2022-04-19T06:26:43.731Z] Node Version:  v16.13.1
[debug] [2022-04-19T06:26:43.736Z] Time:          Tue Apr 19 2022 12:26:43 GMT+0600 (Bangladesh Standard Time)
[debug] [2022-04-19T06:26:43.736Z] ----------------------------------------------------------------------
[debug] 
[debug] [2022-04-19T06:26:43.740Z] >>> [apiv2][query] GET https://firebase-public.firebaseio.com/cli.json [none]
[debug] [2022-04-19T06:26:43.770Z] > command requires scopes: ["email","openid","https://www.googleapis.com/auth/cloudplatformprojects.readonly","https://www.googleapis.com/auth/firebase","https://www.googleapis.com/auth/cloud-platform"]
[debug] [2022-04-19T06:26:43.771Z] > authorizing via signed-in user (si.arif.cse@gmail.com)
[info] 
     ######## #### ########  ######## ########     ###     ######  ########
     ##        ##  ##     ## ##       ##     ##  ##   ##  ##       ##
     ######    ##  ########  ######   ########  #########  ######  ######
     ##        ##  ##    ##  ##       ##     ## ##     ##       ## ##
     ##       #### ##     ## ######## ########  ##     ##  ######  ########

You're about to initialize a Firebase project in this directory:

  C:\Projects\New folder\independent-service-provider-SIArifBD

Before we get started, keep in mind:

  * You are currently outside your home directory

